<?xml version="1.0" encoding="UTF-8"?>
<testsuite name="c1_Introduction" tests="1" skipped="0" failures="0" errors="0" timestamp="2023-04-28T15:22:05" hostname="SBGMLT6QL75J749" time="1.059">
  <properties/>
  <testcase name="leaving_blocking_world_behind()" classname="c1_Introduction" time="1.059"/>
  <system-out><![CDATA[]]></system-out>
  <system-err><![CDATA[]]></system-err>
</testsuite>
